::1 - - [21/Mar/2019:09:34:33 +0000] "GET / HTTP/1.1" 304 - "http://localhost:3000/" "Mozilla/5.0 (Windows NT 10.0; Win64; x64) AppleWebKit/537.36 (KHTML, like Gecko) Chrome/72.0.3626.121 Safari/537.36"
::1 - - [21/Mar/2019:09:34:55 +0000] "GET /login HTTP/1.1" 304 - "http://localhost:3000/" "Mozilla/5.0 (Windows NT 10.0; Win64; x64) AppleWebKit/537.36 (KHTML, like Gecko) Chrome/72.0.3626.121 Safari/537.36"
::1 - - [21/Mar/2019:09:35:05 +0000] "GET /reset HTTP/1.1" 304 - "http://localhost:3000/login" "Mozilla/5.0 (Windows NT 10.0; Win64; x64) AppleWebKit/537.36 (KHTML, like Gecko) Chrome/72.0.3626.121 Safari/537.36"
::1 - - [21/Mar/2019:09:35:12 +0000] "POST /reset HTTP/1.1" 200 - "http://localhost:3000/reset" "Mozilla/5.0 (Windows NT 10.0; Win64; x64) AppleWebKit/537.36 (KHTML, like Gecko) Chrome/72.0.3626.121 Safari/537.36"
::1 - - [21/Mar/2019:09:40:33 +0000] "GET / HTTP/1.1" 304 - "http://localhost:3000/reset" "Mozilla/5.0 (Windows NT 10.0; Win64; x64) AppleWebKit/537.36 (KHTML, like Gecko) Chrome/72.0.3626.121 Safari/537.36"
::1 - - [21/Mar/2019:09:51:02 +0000] "GET / HTTP/1.1" 200 - "http://localhost:3000/reset" "Mozilla/5.0 (Windows NT 10.0; Win64; x64) AppleWebKit/537.36 (KHTML, like Gecko) Chrome/72.0.3626.121 Safari/537.36"
::1 - - [21/Mar/2019:09:51:43 +0000] "GET / HTTP/1.1" 200 - "http://localhost:3000/reset" "Mozilla/5.0 (Windows NT 10.0; Win64; x64) AppleWebKit/537.36 (KHTML, like Gecko) Chrome/72.0.3626.121 Safari/537.36"
::1 - - [21/Mar/2019:09:52:04 +0000] "GET / HTTP/1.1" 200 - "http://localhost:3000/reset" "Mozilla/5.0 (Windows NT 10.0; Win64; x64) AppleWebKit/537.36 (KHTML, like Gecko) Chrome/72.0.3626.121 Safari/537.36"
::1 - - [21/Mar/2019:09:52:11 +0000] "GET / HTTP/1.1" 200 - "http://localhost:3000/reset" "Mozilla/5.0 (Windows NT 10.0; Win64; x64) AppleWebKit/537.36 (KHTML, like Gecko) Chrome/72.0.3626.121 Safari/537.36"
::1 - - [21/Mar/2019:09:52:33 +0000] "GET / HTTP/1.1" 200 - "http://localhost:3000/reset" "Mozilla/5.0 (Windows NT 10.0; Win64; x64) AppleWebKit/537.36 (KHTML, like Gecko) Chrome/72.0.3626.121 Safari/537.36"
::1 - - [21/Mar/2019:09:52:35 +0000] "GET / HTTP/1.1" 304 - "http://localhost:3000/" "Mozilla/5.0 (Windows NT 10.0; Win64; x64) AppleWebKit/537.36 (KHTML, like Gecko) Chrome/72.0.3626.121 Safari/537.36"
::1 - - [21/Mar/2019:09:52:55 +0000] "GET / HTTP/1.1" 200 - "http://localhost:3000/" "Mozilla/5.0 (Windows NT 10.0; Win64; x64) AppleWebKit/537.36 (KHTML, like Gecko) Chrome/72.0.3626.121 Safari/537.36"
::1 - - [22/Mar/2019:17:49:56 +0000] "GET / HTTP/1.1" 200 - "-" "Mozilla/5.0 (Windows NT 10.0; Win64; x64) AppleWebKit/537.36 (KHTML, like Gecko) Chrome/72.0.3626.121 Safari/537.36"
::1 - - [22/Mar/2019:17:49:57 +0000] "GET /favicon.ico HTTP/1.1" 404 - "http://localhost:3000/" "Mozilla/5.0 (Windows NT 10.0; Win64; x64) AppleWebKit/537.36 (KHTML, like Gecko) Chrome/72.0.3626.121 Safari/537.36"
::1 - - [22/Mar/2019:17:49:59 +0000] "GET /login HTTP/1.1" 200 - "http://localhost:3000/" "Mozilla/5.0 (Windows NT 10.0; Win64; x64) AppleWebKit/537.36 (KHTML, like Gecko) Chrome/72.0.3626.121 Safari/537.36"
::1 - - [22/Mar/2019:17:50:17 +0000] "POST /login HTTP/1.1" 302 46 "http://localhost:3000/login" "Mozilla/5.0 (Windows NT 10.0; Win64; x64) AppleWebKit/537.36 (KHTML, like Gecko) Chrome/72.0.3626.121 Safari/537.36"
::1 - - [22/Mar/2019:17:50:17 +0000] "GET / HTTP/1.1" 200 - "http://localhost:3000/login" "Mozilla/5.0 (Windows NT 10.0; Win64; x64) AppleWebKit/537.36 (KHTML, like Gecko) Chrome/72.0.3626.121 Safari/537.36"
::1 - - [22/Mar/2019:17:50:22 +0000] "GET /css/bootstrap.min.css.map HTTP/1.1" 404 - "-" "Mozilla/5.0 (Windows NT 10.0; Win64; x64) AppleWebKit/537.36 (KHTML, like Gecko) Chrome/72.0.3626.121 Safari/537.36"
::1 - - [22/Mar/2019:17:50:34 +0000] "GET /admin/employees HTTP/1.1" 200 - "http://localhost:3000/" "Mozilla/5.0 (Windows NT 10.0; Win64; x64) AppleWebKit/537.36 (KHTML, like Gecko) Chrome/72.0.3626.121 Safari/537.36"
::1 - - [22/Mar/2019:17:50:34 +0000] "GET /css/bootstrap.min.css.map HTTP/1.1" 404 - "-" "Mozilla/5.0 (Windows NT 10.0; Win64; x64) AppleWebKit/537.36 (KHTML, like Gecko) Chrome/72.0.3626.121 Safari/537.36"
::1 - - [22/Mar/2019:17:50:41 +0000] "GET /admin/add-employee HTTP/1.1" 200 - "http://localhost:3000/admin/employees" "Mozilla/5.0 (Windows NT 10.0; Win64; x64) AppleWebKit/537.36 (KHTML, like Gecko) Chrome/72.0.3626.121 Safari/537.36"
::1 - - [22/Mar/2019:17:50:41 +0000] "GET /css/bootstrap.min.css.map HTTP/1.1" 404 - "-" "Mozilla/5.0 (Windows NT 10.0; Win64; x64) AppleWebKit/537.36 (KHTML, like Gecko) Chrome/72.0.3626.121 Safari/537.36"
::1 - - [22/Mar/2019:17:50:50 +0000] "POST /admin/add-employee HTTP/1.1" 302 76 "http://localhost:3000/admin/add-employee" "Mozilla/5.0 (Windows NT 10.0; Win64; x64) AppleWebKit/537.36 (KHTML, like Gecko) Chrome/72.0.3626.121 Safari/537.36"
::1 - - [22/Mar/2019:17:50:51 +0000] "GET /admin/employees HTTP/1.1" 200 - "http://localhost:3000/admin/add-employee" "Mozilla/5.0 (Windows NT 10.0; Win64; x64) AppleWebKit/537.36 (KHTML, like Gecko) Chrome/72.0.3626.121 Safari/537.36"
::1 - - [22/Mar/2019:17:50:51 +0000] "GET /css/bootstrap.min.css.map HTTP/1.1" 404 - "-" "Mozilla/5.0 (Windows NT 10.0; Win64; x64) AppleWebKit/537.36 (KHTML, like Gecko) Chrome/72.0.3626.121 Safari/537.36"
::1 - - [22/Mar/2019:17:50:56 +0000] "DELETE /admin/remove/5c95207ae4f3c10a68af1923 HTTP/1.1" 200 22 "http://localhost:3000/admin/employees" "Mozilla/5.0 (Windows NT 10.0; Win64; x64) AppleWebKit/537.36 (KHTML, like Gecko) Chrome/72.0.3626.121 Safari/537.36"
::1 - - [22/Mar/2019:17:51:00 +0000] "DELETE /admin/remove/5c738e304b5ea904e0eea794 HTTP/1.1" 302 38 "http://localhost:3000/admin/employees" "Mozilla/5.0 (Windows NT 10.0; Win64; x64) AppleWebKit/537.36 (KHTML, like Gecko) Chrome/72.0.3626.121 Safari/537.36"
::1 - - [22/Mar/2019:17:51:01 +0000] "DELETE /admin/employees HTTP/1.1" 404 - "http://localhost:3000/admin/employees" "Mozilla/5.0 (Windows NT 10.0; Win64; x64) AppleWebKit/537.36 (KHTML, like Gecko) Chrome/72.0.3626.121 Safari/537.36"
::1 - - [22/Mar/2019:18:01:28 +0000] "GET /admin/employees HTTP/1.1" 200 - "http://localhost:3000/admin/add-employee" "Mozilla/5.0 (Windows NT 10.0; Win64; x64) AppleWebKit/537.36 (KHTML, like Gecko) Chrome/72.0.3626.121 Safari/537.36"
::1 - - [22/Mar/2019:18:01:34 +0000] "GET /admin/add-employee HTTP/1.1" 200 - "http://localhost:3000/admin/employees" "Mozilla/5.0 (Windows NT 10.0; Win64; x64) AppleWebKit/537.36 (KHTML, like Gecko) Chrome/72.0.3626.121 Safari/537.36"
::1 - - [22/Mar/2019:18:01:35 +0000] "GET /admin/employees HTTP/1.1" 200 - "http://localhost:3000/admin/add-employee" "Mozilla/5.0 (Windows NT 10.0; Win64; x64) AppleWebKit/537.36 (KHTML, like Gecko) Chrome/72.0.3626.121 Safari/537.36"
::1 - - [22/Mar/2019:18:01:38 +0000] "GET /admin/add-employee HTTP/1.1" 304 - "http://localhost:3000/admin/employees" "Mozilla/5.0 (Windows NT 10.0; Win64; x64) AppleWebKit/537.36 (KHTML, like Gecko) Chrome/72.0.3626.121 Safari/537.36"
::1 - - [22/Mar/2019:18:01:46 +0000] "POST /admin/add-employee HTTP/1.1" 302 76 "http://localhost:3000/admin/add-employee" "Mozilla/5.0 (Windows NT 10.0; Win64; x64) AppleWebKit/537.36 (KHTML, like Gecko) Chrome/72.0.3626.121 Safari/537.36"
::1 - - [22/Mar/2019:18:01:46 +0000] "GET /admin/employees HTTP/1.1" 200 - "http://localhost:3000/admin/add-employee" "Mozilla/5.0 (Windows NT 10.0; Win64; x64) AppleWebKit/537.36 (KHTML, like Gecko) Chrome/72.0.3626.121 Safari/537.36"
::1 - - [22/Mar/2019:18:01:48 +0000] "POST /admin/remove HTTP/1.1" 302 76 "http://localhost:3000/admin/employees" "Mozilla/5.0 (Windows NT 10.0; Win64; x64) AppleWebKit/537.36 (KHTML, like Gecko) Chrome/72.0.3626.121 Safari/537.36"
::1 - - [22/Mar/2019:18:01:49 +0000] "GET /admin/employees HTTP/1.1" 200 - "http://localhost:3000/admin/employees" "Mozilla/5.0 (Windows NT 10.0; Win64; x64) AppleWebKit/537.36 (KHTML, like Gecko) Chrome/72.0.3626.121 Safari/537.36"
::1 - - [22/Mar/2019:18:01:50 +0000] "GET /admin/add-employee HTTP/1.1" 200 - "http://localhost:3000/admin/employees" "Mozilla/5.0 (Windows NT 10.0; Win64; x64) AppleWebKit/537.36 (KHTML, like Gecko) Chrome/72.0.3626.121 Safari/537.36"
::1 - - [22/Mar/2019:18:01:57 +0000] "GET /admin/employees HTTP/1.1" 304 - "http://localhost:3000/admin/add-employee" "Mozilla/5.0 (Windows NT 10.0; Win64; x64) AppleWebKit/537.36 (KHTML, like Gecko) Chrome/72.0.3626.121 Safari/537.36"
::1 - - [22/Mar/2019:18:02:01 +0000] "POST /admin/remove HTTP/1.1" 302 76 "http://localhost:3000/admin/employees" "Mozilla/5.0 (Windows NT 10.0; Win64; x64) AppleWebKit/537.36 (KHTML, like Gecko) Chrome/72.0.3626.121 Safari/537.36"
::1 - - [22/Mar/2019:18:02:04 +0000] "GET /admin/employees HTTP/1.1" 200 - "http://localhost:3000/admin/employees" "Mozilla/5.0 (Windows NT 10.0; Win64; x64) AppleWebKit/537.36 (KHTML, like Gecko) Chrome/72.0.3626.121 Safari/537.36"
::1 - - [22/Mar/2019:18:02:07 +0000] "GET /admin/add-employee HTTP/1.1" 304 - "http://localhost:3000/admin/employees" "Mozilla/5.0 (Windows NT 10.0; Win64; x64) AppleWebKit/537.36 (KHTML, like Gecko) Chrome/72.0.3626.121 Safari/537.36"
